[0.080s] Invoking command in '/home/rti/1_Projects/ros2_ws/build/cpp_pubsub': CMAKE_PREFIX_PATH=/home/rti/1_Projects/ros2_ws/install/tutorial_interfaces:/home/rti/1_Projects/ros2_ws/install/cpp_pubsub:/home/rti/1_Projects/ros2_ws/install/cpp_srvcli:/opt/ros/iron /usr/bin/cmake --build /home/rti/1_Projects/ros2_ws/build/cpp_pubsub -- -j2 -l2
[0.147s] [ 25%] [32mBuilding CXX object CMakeFiles/talker.dir/src/publisher_member_function.cpp.o[0m
[0.151s] [ 75%] Built target listener
[0.467s] [01m[K/home/rti/1_Projects/ros2_ws/src/cpp_pubsub/src/publisher_member_function.cpp:47:62:[m[K [01;31m[Kerror: [m[Kmacro "RCLCPP_INFO_STREAM" requires 2 arguments, but only 1 given
[0.467s]    47 |     RCLCPP_INFO_STREAM( "Publishing: '" << message.num << "'"[01;31m[K)[m[K;
[0.467s]       |                                                              [01;31m[K^[m[K
[0.467s] In file included from [01m[K/opt/ros/iron/include/rclcpp/rclcpp/client.hpp:43[m[K,
[0.467s]                  from [01m[K/opt/ros/iron/include/rclcpp/rclcpp/callback_group.hpp:24[m[K,
[0.467s]                  from [01m[K/opt/ros/iron/include/rclcpp/rclcpp/any_executable.hpp:20[m[K,
[0.467s]                  from [01m[K/opt/ros/iron/include/rclcpp/rclcpp/memory_strategy.hpp:25[m[K,
[0.467s]                  from [01m[K/opt/ros/iron/include/rclcpp/rclcpp/memory_strategies.hpp:18[m[K,
[0.467s]                  from [01m[K/opt/ros/iron/include/rclcpp/rclcpp/executor_options.hpp:20[m[K,
[0.467s]                  from [01m[K/opt/ros/iron/include/rclcpp/rclcpp/executor.hpp:37[m[K,
[0.467s]                  from [01m[K/opt/ros/iron/include/rclcpp/rclcpp/executors/multi_threaded_executor.hpp:25[m[K,
[0.467s]                  from [01m[K/opt/ros/iron/include/rclcpp/rclcpp/executors.hpp:21[m[K,
[0.467s]                  from [01m[K/opt/ros/iron/include/rclcpp/rclcpp/rclcpp.hpp:167[m[K,
[0.467s]                  from [01m[K/home/rti/1_Projects/ros2_ws/src/cpp_pubsub/src/publisher_member_function.cpp:22[m[K:
[0.467s] [01m[K/opt/ros/iron/include/rclcpp/rclcpp/logging.hpp:708:[m[K [01;36m[Knote: [m[Kmacro "RCLCPP_INFO_STREAM" defined here
[0.468s]   708 | #define RCLCPP_INFO_STREAM(logger, stream_arg) \
[0.468s]       | 
[2.812s] [01m[K/home/rti/1_Projects/ros2_ws/src/cpp_pubsub/src/publisher_member_function.cpp:[m[K In member function â€˜[01m[Kvoid MinimalPublisher::timer_callback()[m[Kâ€™:
[2.812s] [01m[K/home/rti/1_Projects/ros2_ws/src/cpp_pubsub/src/publisher_member_function.cpp:47:5:[m[K [01;31m[Kerror: [m[Kâ€˜[01m[KRCLCPP_INFO_STREAM[m[Kâ€™ was not declared in this scope
[2.812s]    47 |     [01;31m[KRCLCPP_INFO_STREAM[m[K( "Publishing: '" << message.num << "'");
[2.812s]       |     [01;31m[K^~~~~~~~~~~~~~~~~~[m[K
[3.952s] gmake[2]: *** [CMakeFiles/talker.dir/build.make:76: CMakeFiles/talker.dir/src/publisher_member_function.cpp.o] Error 1
[3.952s] gmake[1]: *** [CMakeFiles/Makefile2:139: CMakeFiles/talker.dir/all] Error 2
[3.952s] gmake: *** [Makefile:146: all] Error 2
[3.957s] Invoked command in '/home/rti/1_Projects/ros2_ws/build/cpp_pubsub' returned '2': CMAKE_PREFIX_PATH=/home/rti/1_Projects/ros2_ws/install/tutorial_interfaces:/home/rti/1_Projects/ros2_ws/install/cpp_pubsub:/home/rti/1_Projects/ros2_ws/install/cpp_srvcli:/opt/ros/iron /usr/bin/cmake --build /home/rti/1_Projects/ros2_ws/build/cpp_pubsub -- -j2 -l2
